1605089974520:show all students
1605089989030:show-all-students
1605090056224:Show-all-students
1605090106938:show-all-students
1605090117983:stacktrace
1605090137906:add-student
1605090143457:add student
1605090574212:show
1605090925593:show-all-students
1605090974703:help
1605091038486:show-all-students
1605091047387:add-student
1605091099322:add-student Artem Viktorovich Saprykin 05.05.1997 144
1605091193238:help
1605091218722:add-student Artem Viktorovich Saprykin 05.05.1997 144
1605091772462:help
1605091782606:show-all-students
1605092053663:help
1605092132420:add-student Artem Viktorovich Saprykin 05.05.1997 144
1605092137255:help
1605092144356:show-all-students
1605092153377:delete-student 1
